C51 COMPILER V9.00   DRV_PALTFORM                                                          05/18/2019 17:06:12 PAGE 1   


C51 COMPILER V9.00, COMPILATION OF MODULE DRV_PALTFORM
OBJECT MODULE PLACED IN ..\output\drv_paltform.obj
COMPILER INVOKED BY: D:\Keil\C51\C51\BIN\C51.EXE ..\source\driver\drv_paltform.c OPTIMIZE(2,SPEED) BROWSE INCDIR(..\sour
                    -ce\app;..\source\complex_driver;..\source\driver;..\source\hal) DEBUG OBJECTEXTEND PRINT(.\drv_paltform.lst) OBJECT(..\o
                    -utput\drv_paltform.obj)

line level    source

   1          
   2          
   3          #include "drv_paltform.h"
   4          
   5          /*
   6                  system memory check
   7                  interrupt manage
   8                  ...
   9          */
  10          


MODULE INFORMATION:   STATIC OVERLAYABLE
   CODE SIZE        =   ----    ----
   CONSTANT SIZE    =   ----    ----
   XDATA SIZE       =   ----    ----
   PDATA SIZE       =   ----    ----
   DATA SIZE        =   ----    ----
   IDATA SIZE       =   ----    ----
   BIT SIZE         =   ----    ----
END OF MODULE INFORMATION.


C51 COMPILATION COMPLETE.  0 WARNING(S),  0 ERROR(S)
