C51 COMPILER V9.00   DRV_TIMER                                                             04/27/2019 10:35:06 PAGE 1   


C51 COMPILER V9.00, COMPILATION OF MODULE DRV_TIMER
OBJECT MODULE PLACED IN ..\output\drv_timer.obj
COMPILER INVOKED BY: D:\Keil\C51\C51\BIN\C51.EXE ..\source\driver\drv_timer.c BROWSE INCDIR(..\source\app;..\source\comp
                    -lex_driver;..\source\driver;..\source\hal) DEBUG OBJECTEXTEND PRINT(.\drv_timer.lst) OBJECT(..\output\drv_timer.obj)

line level    source

   1          
   2          
   3          #include "drv_timer.h"
   4          
   5          static void DrvSysTimerInit(void);
   6          static void DrvEnableSysTimerInt(void);
   7          static void DrvDisableSysTimerInt(void);
   8          static void DrvReloadSysTimerCnt(void);
   9          static uint8_t DrvGetSysTimerIntFlag(void);
  10          static uint16_t DrvGetSysTimerCnt(void);
  11          
  12          
  13          
  14          D_SOFTWARE_INTERFACE drvTimerInterface_t drvTimerInterface = {
  15                  DrvSysTimerInit,
  16                  DrvEnableSysTimerInt,
  17                  DrvDisableSysTimerInt,
  18                  DrvReloadSysTimerCnt,
  19                  DrvGetSysTimerCnt,
  20                  DrvGetSysTimerIntFlag
  21          };
  22          
  23          
  24          
  25          static void DrvSysTimerInit(void)
  26          {
  27   1              TMOD &= 0xF0; //清零 T0 的控制位
  28   1              TMOD |= 0x01; //配置 T0 为模式 1
  29   1              DrvReloadSysTimerCnt();
  30   1              DrvEnableSysTimerInt();
  31   1              TR0 = 1; //启动 T0      
  32   1      }
  33          
  34          static void DrvEnableSysTimerInt(void)
  35          {
  36   1              ET0 = 1; //使能 T0 中断
  37   1              TR0 = 1; //启动 T0      
  38   1      }
  39          
  40          static void DrvDisableSysTimerInt(void)
  41          {
  42   1              ET0 = 0; 
  43   1              TR0 = 0;
  44   1      }
  45          
  46          static void DrvReloadSysTimerCnt(void)
  47          {
  48   1      #ifdef D_USE_ONEMS_INTRRUPET_MODE
  49   1              TH0 = 0xFC; //加载 T0 重载值
  50   1              TL0 = 0x18;
  51   1      #else
                      TH0 = 0; //加载 T0 重载值
                      TL0 = 0;
              #endif
C51 COMPILER V9.00   DRV_TIMER                                                             04/27/2019 10:35:06 PAGE 2   

  55   1      }
  56          
  57          static uint8_t DrvGetSysTimerIntFlag(void)
  58          {
  59   1              return TF0;
  60   1      }
  61          
  62          static uint16_t DrvGetSysTimerCnt(void)
  63          {
  64   1              uint16_t cnt = 0;
  65   1      
  66   1              DrvDisableSysTimerInt();
  67   1              
  68   1              cnt = TH0;
  69   1              cnt = (cnt << 8) + TL0;
  70   1      
  71   1              DrvEnableSysTimerInt();
  72   1      
  73   1              return cnt;
  74   1      }
  75          
  76          


MODULE INFORMATION:   STATIC OVERLAYABLE
   CODE SIZE        =     62    ----
   CONSTANT SIZE    =   ----    ----
   XDATA SIZE       =   ----    ----
   PDATA SIZE       =   ----    ----
   DATA SIZE        =     18    ----
   IDATA SIZE       =   ----    ----
   BIT SIZE         =   ----    ----
END OF MODULE INFORMATION.


C51 COMPILATION COMPLETE.  0 WARNING(S),  0 ERROR(S)
