C51 COMPILER V9.00   HAL_CALENDAR                                                          04/27/2019 10:35:07 PAGE 1   


C51 COMPILER V9.00, COMPILATION OF MODULE HAL_CALENDAR
OBJECT MODULE PLACED IN ..\output\hal_calendar.obj
COMPILER INVOKED BY: D:\Keil\C51\C51\BIN\C51.EXE ..\source\hal\hal_calendar.c BROWSE INCDIR(..\source\app;..\source\comp
                    -lex_driver;..\source\driver;..\source\hal) DEBUG OBJECTEXTEND PRINT(.\hal_calendar.lst) OBJECT(..\output\hal_calendar.ob
                    -j)

line level    source

   1          
   2          
   3          #include "hal_calendar.h"
   4          
   5          static void HalCalendarInit(void);
   6          static void HalUpdateSysTime(void);
   7          
   8          calendar_t sysCalendar = {
   9                  0x2019, 0x05, 0x01, 0x12, 0x30, 0x20, 0x00
  10          };
  11          
  12          
  13          D_SOFTWARE_INTERFACE halCalendarInterface_t halCalendarInterface = {
  14                  HalCalendarInit,
  15                  HalUpdateSysTime
  16          };
  17          
  18          
  19          
  20          
  21          static void HalCalendarInit(void)
  22          {
  23   1              drvDs1302Interface.Ds1302Init();
  24   1      }
  25          
  26          static void HalUpdateSysTime(void)
  27          {
  28   1              uint8_t time[8] = {0};
  29   1              calendar_t * pCalendar = &sysCalendar;
  30   1      
  31   1              drvDs1302Interface.Ds1302BurstRead(time);
  32   1              pCalendar->year = time[6] + 0x2000;
  33   1              pCalendar->mon = time[4];
  34   1              pCalendar->day = time[3];
  35   1              pCalendar->hour = time[2];
  36   1              pCalendar->min = time[1];
  37   1              pCalendar->sec = time[0];
  38   1              pCalendar->week = time[5];
  39   1      }
  40          
  41          
  42          


MODULE INFORMATION:   STATIC OVERLAYABLE
   CODE SIZE        =    141    ----
   CONSTANT SIZE    =      8    ----
   XDATA SIZE       =   ----    ----
   PDATA SIZE       =   ----    ----
   DATA SIZE        =     14      11
   IDATA SIZE       =   ----    ----
   BIT SIZE         =   ----    ----
END OF MODULE INFORMATION.

C51 COMPILER V9.00   HAL_CALENDAR                                                          04/27/2019 10:35:07 PAGE 2   


C51 COMPILATION COMPLETE.  0 WARNING(S),  0 ERROR(S)
