C51 COMPILER V9.00   HAL_GPIO                                                              04/27/2019 10:35:06 PAGE 1   


C51 COMPILER V9.00, COMPILATION OF MODULE HAL_GPIO
OBJECT MODULE PLACED IN ..\output\hal_gpio.obj
COMPILER INVOKED BY: D:\Keil\C51\C51\BIN\C51.EXE ..\source\hal\hal_gpio.c BROWSE INCDIR(..\source\app;..\source\complex_
                    -driver;..\source\driver;..\source\hal) DEBUG OBJECTEXTEND PRINT(.\hal_gpio.lst) OBJECT(..\output\hal_gpio.obj)

line level    source

   1          
   2          
   3          #include "hal_gpio.h"
   4          
   5          static void HalDebugIOCtrl(uint8_t sig);
   6          
   7          D_SOFTWARE_INTERFACE halGpioInterface_t code halGpioManage = {
   8                  HalDebugIOCtrl
   9          };
  10          
  11          
  12          static void HalDebugIOCtrl(uint8_t sig)
  13          {
  14   1              drvGpioInterface.NameOut(EN_DEBUG_IO, sig);
  15   1      }
  16          


MODULE INFORMATION:   STATIC OVERLAYABLE
   CODE SIZE        =     21    ----
   CONSTANT SIZE    =      3    ----
   XDATA SIZE       =   ----    ----
   PDATA SIZE       =   ----    ----
   DATA SIZE        =   ----    ----
   IDATA SIZE       =   ----    ----
   BIT SIZE         =   ----    ----
END OF MODULE INFORMATION.


C51 COMPILATION COMPLETE.  0 WARNING(S),  0 ERROR(S)
