C51 COMPILER V9.00   HAL_PALTFORM                                                          05/13/2019 21:02:22 PAGE 1   


C51 COMPILER V9.00, COMPILATION OF MODULE HAL_PALTFORM
OBJECT MODULE PLACED IN ..\output\hal_paltform.obj
COMPILER INVOKED BY: D:\Keil\C51\C51\BIN\C51.EXE ..\source\hal\hal_paltform.c BROWSE INCDIR(..\source\app;..\source\comp
                    -lex_driver;..\source\driver;..\source\hal) DEBUG OBJECTEXTEND PRINT(.\hal_paltform.lst) OBJECT(..\output\hal_paltform.ob
                    -j)

line level    source

   1          
   2          
   3          #include "hal_paltform.h"
   4          
   5          bool_t SysEnterCritical(void)
   6          {
   7   1              bool_t sta = EA;
   8   1              EA = 0;
   9   1      
  10   1              return sta;
  11   1      }
  12          
  13          void SysExitCritical(bool_t sta)
  14          {
  15   1              EA = sta;
  16   1      }
  17          


MODULE INFORMATION:   STATIC OVERLAYABLE
   CODE SIZE        =     14    ----
   CONSTANT SIZE    =   ----    ----
   XDATA SIZE       =   ----    ----
   PDATA SIZE       =   ----    ----
   DATA SIZE        =   ----    ----
   IDATA SIZE       =   ----    ----
   BIT SIZE         =   ----    ----
END OF MODULE INFORMATION.


C51 COMPILATION COMPLETE.  0 WARNING(S),  0 ERROR(S)
