C51 COMPILER V9.00   DRV_LCD                                                               08/24/2019 15:33:41 PAGE 1   


C51 COMPILER V9.00, COMPILATION OF MODULE DRV_LCD
OBJECT MODULE PLACED IN ..\output\drv_lcd.obj
COMPILER INVOKED BY: D:\Keil\C51\C51\BIN\C51.EXE ..\source\driver\drv_lcd.c OPTIMIZE(2,SPEED) BROWSE INCDIR(..\source\ap
                    -p;..\source\driver;..\source\hal) DEBUG OBJECTEXTEND PRINT(.\drv_lcd.lst) OBJECT(..\output\drv_lcd.obj)

line level    source

   1          /*
   2                          LCD1602底层程序
   3          */
   4          
   5          #include "drv_lcd.h"
   6          
   7          static void Drv_LcdWaitReady(void);
   8          
   9          
  10          
  11          void Drv_LcdInit(void)
  12          {
  13   1              Drv_LcdWriteCmd(0x38); //16*2 显示，5*7 点阵，8 位数据接口
  14   1              Drv_LcdWriteCmd(0x0C); //显示器开，光标关闭
  15   1              Drv_LcdWriteCmd(0x06); //文字不动，地址自动+1
  16   1              Drv_LcdWriteCmd(0x01); //清屏
  17   1      }
  18          
  19          static void Drv_LcdWaitReady(void)
  20          {
  21   1              uint8_t sta = 0;
  22   1              uint16_t tryCnt = 0;
  23   1      
  24   1              Drv_NameOut(EN_LCD_DATA_BUS, 0xFF);
  25   1              Drv_NameOut(EN_LCD_RS, 0);
  26   1              Drv_NameOut(EN_LCD_RW, 1);
  27   1              
  28   1              do
  29   1              {
  30   2                      Drv_NameOut(EN_LCD_E, 1);
  31   2                      sta = Drv_NameIn(EN_LCD_DATA_BUS);
  32   2                      Drv_NameOut(EN_LCD_E, 0);
  33   2                      tryCnt++;
  34   2              } while ((tryCnt < 10000UL) && (0 != (sta & 0x80U))); //bit7 等于 1 表示液晶正忙，重复检测直到其等于 0 为
             -止
  35   1      }
  36          
  37          void Drv_LcdWriteCmd(uint8_t cmd)
  38          {
  39   1              Drv_LcdWaitReady();
  40   1              Drv_NameOut(EN_LCD_RS, 0);
  41   1              Drv_NameOut(EN_LCD_RW, 0);
  42   1              Drv_NameOut(EN_LCD_DATA_BUS, cmd);
  43   1              Drv_NameOut(EN_LCD_E, 1);
  44   1              Drv_NameOut(EN_LCD_E, 0);
  45   1      }
  46          
  47          void Drv_LcdWriteDat(uint8_t dat)
  48          {
  49   1              Drv_LcdWaitReady();
  50   1              Drv_NameOut(EN_LCD_RS, 1);
  51   1              Drv_NameOut(EN_LCD_RW, 0);
  52   1              Drv_NameOut(EN_LCD_DATA_BUS, dat);
  53   1              Drv_NameOut(EN_LCD_E, 1);
C51 COMPILER V9.00   DRV_LCD                                                               08/24/2019 15:33:41 PAGE 2   

  54   1              Drv_NameOut(EN_LCD_E, 0);
  55   1      }
  56          
  57          


MODULE INFORMATION:   STATIC OVERLAYABLE
   CODE SIZE        =    195    ----
   CONSTANT SIZE    =   ----    ----
   XDATA SIZE       =   ----    ----
   PDATA SIZE       =   ----    ----
   DATA SIZE        =   ----       5
   IDATA SIZE       =   ----    ----
   BIT SIZE         =   ----    ----
END OF MODULE INFORMATION.


C51 COMPILATION COMPLETE.  0 WARNING(S),  0 ERROR(S)
