C51 COMPILER V9.00   HAL_CALENDAR                                                          08/24/2019 15:42:40 PAGE 1   


C51 COMPILER V9.00, COMPILATION OF MODULE HAL_CALENDAR
OBJECT MODULE PLACED IN ..\output\hal_calendar.obj
COMPILER INVOKED BY: D:\Keil\C51\C51\BIN\C51.EXE ..\source\hal\hal_calendar.c OPTIMIZE(2,SPEED) BROWSE INCDIR(..\source\
                    -app;..\source\driver;..\source\hal) DEBUG OBJECTEXTEND PRINT(.\hal_calendar.lst) OBJECT(..\output\hal_calendar.obj)

line level    source

   1          
   2          
   3          #include "hal_calendar.h"
   4          
   5          static calendar_t sysCalendar = {
   6                  0x2019, 0x05, 0x01, 0x12, 0x30, 0x20, 0x00
   7          };
   8          
   9          
  10          
  11          
  12          
  13          void Hal_CalendarInit(void)
  14          {
  15   1              Drv_Ds1302Init();
  16   1      }
  17          
  18          void Hal_GetSysTime(calendar_t *pSysTmr)
  19          {
  20   1              const calendar_t * pCalendar = &sysCalendar;
  21   1      
  22   1              pSysTmr->year = pCalendar->year;
  23   1              pSysTmr->mon = pCalendar->mon;
  24   1              pSysTmr->day = pCalendar->day;
  25   1              pSysTmr->hour = pCalendar->hour;
  26   1              pSysTmr->min = pCalendar->min;
  27   1              pSysTmr->sec = pCalendar->sec;
  28   1              pSysTmr->week = pCalendar->week;
  29   1      }
  30          
  31          void Hal_UpdateSysTime(void)
  32          {
  33   1              uint8_t tTime[8] = {0};
  34   1              calendar_t * pCalendar = &sysCalendar;
  35   1      
  36   1              Drv_Ds1302BurstRead(tTime);
  37   1              pCalendar->year = (uint16_t)((uint16_t)tTime[6] + 0x2000U);
  38   1              pCalendar->mon = tTime[4];
  39   1              pCalendar->day = tTime[3];
  40   1              pCalendar->hour = tTime[2];
  41   1              pCalendar->min = tTime[1];
  42   1              pCalendar->sec = tTime[0];
  43   1              pCalendar->week = tTime[5];
  44   1      }
  45          
  46          
  47          


MODULE INFORMATION:   STATIC OVERLAYABLE
   CODE SIZE        =    424    ----
   CONSTANT SIZE    =      8    ----
   XDATA SIZE       =   ----    ----
   PDATA SIZE       =   ----    ----
C51 COMPILER V9.00   HAL_CALENDAR                                                          08/24/2019 15:42:40 PAGE 2   

   DATA SIZE        =      8      17
   IDATA SIZE       =   ----    ----
   BIT SIZE         =   ----    ----
END OF MODULE INFORMATION.


C51 COMPILATION COMPLETE.  0 WARNING(S),  0 ERROR(S)
