C51 COMPILER V9.00   MAIN                                                                  09/20/2019 21:05:40 PAGE 1   


C51 COMPILER V9.00, COMPILATION OF MODULE MAIN
OBJECT MODULE PLACED IN ..\output\main.obj
COMPILER INVOKED BY: D:\Keil\C51\C51\BIN\C51.EXE ..\source\app\main.c OPTIMIZE(2,SPEED) BROWSE INCDIR(..\source\app;..\s
                    -ource\driver;..\source\hal) DEBUG OBJECTEXTEND PRINT(.\main.lst) OBJECT(..\output\main.obj)

line level    source

   1          /*
   2                  万年历 ―― V1.6
   3                  基于V1.5版本
   4                  引入全新架构
   5          */
   6          
   7          #include "main.h"
   8          #include "hal_paltform.h"
   9          #include "hal_gpio.h"
  10          #include "hal_timer.h"
  11          #include "hal_display.h"
  12          #include "hal_calendar.h"
  13          
  14          #define D_SYS_ABSOLUTE_EXIT_CRITICAL                    1
  15          
  16          static void SysUpdateCalendar(void);
  17          static void SysIoCtrl(void);
  18          
  19          
  20          int main(void)
  21          {
  22   1      
  23   1              (void)D_SYSTEM_ENTER_CRITICAL();
  24   1              Hal_DisplayInit();
  25   1              Hal_CalendarInit();
  26   1              Hal_SysTimerInit();
  27   1              D_SYSTEM_EXIT_CRITICAL(D_SYS_ABSOLUTE_EXIT_CRITICAL);
  28   1      
  29   1              while(1)
  30   1              {
  31   2                      SysUpdateCalendar();
  32   2                      
  33   2                      SysIoCtrl();
  34   2              }
  35   1      
  36   1      }
  37          
  38          static void SysUpdateCalendar(void)
  39          {
  40   1              static uint32_t updateTim = 0;
  41   1      
  42   1              if (Hal_DiffTimerCnt(updateTim) >= (uint32_t)D_SYS_TIME_10MS)
  43   1              {
  44   2                      updateTim = Hal_GetCurSysTimerCnt();
  45   2                      Hal_UpdateSysTime();
  46   2              }
  47   1              
  48   1              Hal_FlashCalendar();
  49   1      }
  50          
  51          static void SysIoCtrl(void)
  52          {
  53   1              static uint32_t ctrlTim = 0;
  54   1              static bool_t ioCtrl = 0;
C51 COMPILER V9.00   MAIN                                                                  09/20/2019 21:05:40 PAGE 2   

  55   1      
  56   1              if (Hal_DiffTimerCnt(ctrlTim) >= (uint32_t)D_SYS_TIME_100MS)
  57   1              {
  58   2                      ctrlTim = Hal_GetCurSysTimerCnt();
  59   2                      Hal_DebugIOCtrl(ioCtrl);
  60   2                      ioCtrl = (ioCtrl == 0)?(1U):(0U);
  61   2              }
  62   1      }
  63          
  64          


MODULE INFORMATION:   STATIC OVERLAYABLE
   CODE SIZE        =    123    ----
   CONSTANT SIZE    =   ----    ----
   XDATA SIZE       =   ----    ----
   PDATA SIZE       =   ----    ----
   DATA SIZE        =      9    ----
   IDATA SIZE       =   ----    ----
   BIT SIZE         =   ----    ----
END OF MODULE INFORMATION.


C51 COMPILATION COMPLETE.  0 WARNING(S),  0 ERROR(S)
